Reading netlist file: "C:\Users\Waldek\Stefan\Programming\FPGA\project_b\impl\gwsynthesis\project_b.vg"
Parsing netlist file "C:\Users\Waldek\Stefan\Programming\FPGA\project_b\impl\gwsynthesis\project_b.vg" completed
Processing netlist completed
Reading constraint file: "C:\Users\Waldek\Stefan\Programming\FPGA\project_b\src\top.cst"
Physical Constraint parsed completed
Running placement......
[10%] Placement Phase 0 completed
[20%] Placement Phase 1 completed
[30%] Placement Phase 2 completed
WARN  (TA1132) :  'clk' was determined to be a clock but was not created.
[50%] Placement Phase 3 completed
Running routing......
[60%] Routing Phase 0 completed
[70%] Routing Phase 1 completed
[80%] Routing Phase 2 completed
[90%] Routing Phase 3 completed
Running timing analysis......
[95%] Timing analysis completed
Placement and routing completed
Bitstream generation in progress......
Bitstream generation completed
Running power analysis......
[100%] Power analysis completed
Generate file "C:\Users\Waldek\Stefan\Programming\FPGA\project_b\impl\pnr\project_b.power.html" completed
Generate file "C:\Users\Waldek\Stefan\Programming\FPGA\project_b\impl\pnr\project_b.pin.html" completed
Generate file "C:\Users\Waldek\Stefan\Programming\FPGA\project_b\impl\pnr\project_b.rpt.html" completed
Generate file "C:\Users\Waldek\Stefan\Programming\FPGA\project_b\impl\pnr\project_b.rpt.txt" completed
Generate file "C:\Users\Waldek\Stefan\Programming\FPGA\project_b\impl\pnr\project_b.tr.html" completed
Sat Apr 12 19:25:29 2025

